<?xml version="1.0" encoding="UTF-8"?>
<!-- Generated by org.testng.reporters.JUnitXMLReporter -->
<testsuite hostname="hp-PC" ignored="0" name="Command line test" tests="3" failures="0" timestamp="26 Aug 2019 06:14:09 GMT" time="45.579" errors="0">
  <testcase name="ValidateHomePageTitleTest" time="1.418" classname="com.zoopla.qa.TestCases.ZooplaHomePageTest"/>
  <testcase name="ValidateZooplaLogoTest" time="0.325" classname="com.zoopla.qa.TestCases.ZooplaHomePageTest"/>
  <testcase name="locationSearchTest" time="10.902" classname="com.zoopla.qa.TestCases.ZooplaHomePageTest"/>
</testsuite> <!-- Command line test -->
